<?xml version="1.0" encoding="UTF-8"?>
<testsuite name="mancala.KalahRulesTest" tests="4" skipped="0" failures="0" errors="0" timestamp="2023-11-25T03:05:22" hostname="CIS2430" time="0.014">
  <properties/>
  <testcase name="testCaptureStonesNonEmptyTarget()" classname="mancala.KalahRulesTest" time="0.003"/>
  <testcase name="testMoveStonesOneMove()" classname="mancala.KalahRulesTest" time="0.001"/>
  <testcase name="testDistributeStonesSingleMove()" classname="mancala.KalahRulesTest" time="0.001"/>
  <testcase name="testMoveStonesWithCapture()" classname="mancala.KalahRulesTest" time="0.002"/>
  <system-out><![CDATA[]]></system-out>
  <system-err><![CDATA[]]></system-err>
</testsuite>
